#
# There is insufficient memory for the Java Runtime Environment to continue.
# Native memory allocation (malloc) failed to allocate 290656 bytes for Chunk::new
# Possible reasons:
#   The system is out of physical RAM or swap space
#   The process is running with CompressedOops enabled, and the Java Heap may be blocking the growth of the native heap
# Possible solutions:
#   Reduce memory load on the system
#   Increase physical memory or swap space
#   Check if swap backing store is full
#   Decrease Java heap size (-Xmx/-Xms)
#   Decrease number of Java threads
#   Decrease Java thread stack sizes (-Xss)
#   Set larger code cache with -XX:ReservedCodeCacheSize=
#   JVM is running with Unscaled Compressed Oops mode in which the Java heap is
#     placed in the first 4GB address space. The Java Heap base address is the
#     maximum limit for the native heap growth. Please use -XX:HeapBaseMinAddress
#     to set the Java Heap base and to place the Java Heap above 4GB virtual address.
# This output file may be truncated or incomplete.
#
#  Out of Memory Error (allocation.cpp:390), pid=21868, tid=0x0000000000005048
#
# JRE version: Java(TM) SE Runtime Environment (8.0_192-b12) (build 1.8.0_192-b12)
# Java VM: Java HotSpot(TM) 64-Bit Server VM (25.192-b12 mixed mode windows-amd64 compressed oops)
# Failed to write core dump. Minidumps are not enabled by default on client versions of Windows
#

---------------  T H R E A D  ---------------

Current thread (0x0000000016691000):  JavaThread "C2 CompilerThread0" daemon [_thread_in_native, id=20552, stack(0x0000000017cc0000,0x0000000017dc0000)]

Stack: [0x0000000017cc0000,0x0000000017dc0000]
[error occurred during error reporting (printing stack bounds), id 0xc0000005]

Native frames: (J=compiled Java code, j=interpreted, Vv=VM code, C=native code)


Current CompileTask:
C2:  20167 3391   !   4       sun.nio.cs.StreamDecoder::read (196 bytes)


---------------  P R O C E S S  ---------------

Java Threads: ( => current thread )
  0x0000000016748800 JavaThread "Service Thread" daemon [_thread_blocked, id=23604, stack(0x00000000180c0000,0x00000000181c0000)]
  0x000000001669b000 JavaThread "C1 CompilerThread3" daemon [_thread_blocked, id=9884, stack(0x0000000017fc0000,0x00000000180c0000)]
  0x0000000016698800 JavaThread "C2 CompilerThread2" daemon [_thread_blocked, id=22968, stack(0x0000000017ec0000,0x0000000017fc0000)]
  0x0000000016697800 JavaThread "C2 CompilerThread1" daemon [_thread_blocked, id=14164, stack(0x0000000017dc0000,0x0000000017ec0000)]
=>0x0000000016691000 JavaThread "C2 CompilerThread0" daemon [_thread_in_native, id=20552, stack(0x0000000017cc0000,0x0000000017dc0000)]
  0x000000001668b800 JavaThread "Monitor Ctrl-Break" daemon [_thread_in_native, id=16920, stack(0x0000000017bc0000,0x0000000017cc0000)]
  0x0000000016613800 JavaThread "Attach Listener" daemon [_thread_blocked, id=17656, stack(0x0000000017ab0000,0x0000000017bb0000)]
  0x0000000016612800 JavaThread "Signal Dispatcher" daemon [_thread_blocked, id=13808, stack(0x00000000179b0000,0x0000000017ab0000)]
  0x000000000349c800 JavaThread "Finalizer" daemon [_thread_blocked, id=12460, stack(0x0000000017850000,0x0000000017950000)]
  0x00000000165f3000 JavaThread "Reference Handler" daemon [_thread_blocked, id=17972, stack(0x0000000017750000,0x0000000017850000)]
  0x00000000033a3000 JavaThread "main" [_thread_in_native, id=10948, stack(0x0000000003130000,0x0000000003230000)]

Other Threads:
  0x0000000014f05800 VMThread [stack: 0x0000000017650000,0x0000000017750000] [id=23484]
  0x0000000016751800 WatcherThread [stack: 0x00000000181c0000,0x00000000182c0000] [id=6840]

VM state:not at safepoint (normal execution)

VM Mutex/Monitor currently owned by a thread: None

heap address: 0x00000000e0000000, size: 512 MB, Compressed Oops mode: 32-bit
Narrow klass base: 0x0000000000000000, Narrow klass shift: 3
Compressed class space size: 1073741824 Address: 0x0000000100000000

Heap:
 PSYoungGen      total 119296K, used 9916K [0x00000000f5580000, 0x00000000fdd80000, 0x0000000100000000)
  eden space 99328K, 9% used [0x00000000f5580000,0x00000000f5f2f330,0x00000000fb680000)
  from space 19968K, 0% used [0x00000000fca00000,0x00000000fca00000,0x00000000fdd80000)
  to   space 19968K, 0% used [0x00000000fb680000,0x00000000fb680000,0x00000000fca00000)
 ParOldGen       total 87552K, used 35179K [0x00000000e0000000, 0x00000000e5580000, 0x00000000f5580000)
  object space 87552K, 40% used [0x00000000e0000000,0x00000000e225aef8,0x00000000e5580000)
 Metaspace       used 20816K, capacity 21268K, committed 21552K, reserved 1069056K
  class space    used 2495K, capacity 2671K, committed 2688K, reserved 1048576K

Card table byte_map: [0x0000000012860000,0x0000000012970000] byte_map_base: 0x0000000012160000

Marking Bits: (ParMarkBitMap*) 0x0000000054653ce0
 Begin Bits: [0x0000000013420000, 0x0000000013c20000)
 End Bits:   [0x0000000013c20000, 0x0000000014420000)

Polling page: 0x0000000001080000

CodeCache: size=245760Kb used=10160Kb max_used=10486Kb free=235599Kb
 bounds [0x00000000034a0000, 0x0000000003ef0000, 0x00000000124a0000]
 total_blobs=3467 nmethods=3061 adapters=318
 compilation: enabled

Compilation events (10 events):
Event: 19.778 Thread 0x000000001669b000 nmethod 3386 0x0000000003775190 code [0x0000000003775320, 0x0000000003775778]
Event: 19.842 Thread 0x000000001669b000 3387       3       sun.nio.ch.FileChannelImpl::ensureOpen (16 bytes)
Event: 19.842 Thread 0x000000001669b000 nmethod 3387 0x00000000039f8510 code [0x00000000039f8680, 0x00000000039f8928]
Event: 19.845 Thread 0x000000001669b000 3388   !   3       org.apache.maven.model.Resource::clone (51 bytes)
Event: 19.846 Thread 0x000000001669b000 nmethod 3388 0x0000000003a67f50 code [0x0000000003a68180, 0x0000000003a68de8]
Event: 19.854 Thread 0x000000001669b000 3389   !   3       sun.nio.ch.NativeThreadSet::add (155 bytes)
Event: 19.855 Thread 0x000000001669b000 nmethod 3389 0x0000000003a0c550 code [0x0000000003a0c6e0, 0x0000000003a0cd88]
Event: 19.855 Thread 0x000000001669b000 3390   !   3       sun.nio.ch.NativeThreadSet::remove (50 bytes)
Event: 19.855 Thread 0x000000001669b000 nmethod 3390 0x0000000003bfe110 code [0x0000000003bfe280, 0x0000000003bfe6c8]
Event: 19.912 Thread 0x0000000016691000 3391   !   4       sun.nio.cs.StreamDecoder::read (196 bytes)

GC Heap History (10 events):
Event: 14.795 GC heap before
{Heap before GC invocations=7 (full 0):
 PSYoungGen      total 44032K, used 42744K [0x00000000f5580000, 0x00000000f8d00000, 0x0000000100000000)
  eden space 32256K, 100% used [0x00000000f5580000,0x00000000f7500000,0x00000000f7500000)
  from space 11776K, 89% used [0x00000000f8100000,0x00000000f8b3e070,0x00000000f8c80000)
  to   space 12288K, 0% used [0x00000000f7500000,0x00000000f7500000,0x00000000f8100000)
 ParOldGen       total 87552K, used 13782K [0x00000000e0000000, 0x00000000e5580000, 0x00000000f5580000)
  object space 87552K, 15% used [0x00000000e0000000,0x00000000e0d75a50,0x00000000e5580000)
 Metaspace       used 15724K, capacity 16104K, committed 16384K, reserved 1062912K
  class space    used 1884K, capacity 1979K, committed 2048K, reserved 1048576K
Event: 14.803 GC heap after
Heap after GC invocations=7 (full 0):
 PSYoungGen      total 44544K, used 12256K [0x00000000f5580000, 0x00000000fb280000, 0x0000000100000000)
  eden space 32256K, 0% used [0x00000000f5580000,0x00000000f5580000,0x00000000f7500000)
  from space 12288K, 99% used [0x00000000f7500000,0x00000000f80f8020,0x00000000f8100000)
  to   space 15360K, 0% used [0x00000000fa380000,0x00000000fa380000,0x00000000fb280000)
 ParOldGen       total 87552K, used 16434K [0x00000000e0000000, 0x00000000e5580000, 0x00000000f5580000)
  object space 87552K, 18% used [0x00000000e0000000,0x00000000e100cb20,0x00000000e5580000)
 Metaspace       used 15724K, capacity 16104K, committed 16384K, reserved 1062912K
  class space    used 1884K, capacity 1979K, committed 2048K, reserved 1048576K
}
Event: 15.202 GC heap before
{Heap before GC invocations=8 (full 0):
 PSYoungGen      total 44544K, used 44512K [0x00000000f5580000, 0x00000000fb280000, 0x0000000100000000)
  eden space 32256K, 100% used [0x00000000f5580000,0x00000000f7500000,0x00000000f7500000)
  from space 12288K, 99% used [0x00000000f7500000,0x00000000f80f8020,0x00000000f8100000)
  to   space 15360K, 0% used [0x00000000fa380000,0x00000000fa380000,0x00000000fb280000)
 ParOldGen       total 87552K, used 16434K [0x00000000e0000000, 0x00000000e5580000, 0x00000000f5580000)
  object space 87552K, 18% used [0x00000000e0000000,0x00000000e100cb20,0x00000000e5580000)
 Metaspace       used 15738K, capacity 16104K, committed 16384K, reserved 1062912K
  class space    used 1884K, capacity 1979K, committed 2048K, reserved 1048576K
Event: 15.213 GC heap after
Heap after GC invocations=8 (full 0):
 PSYoungGen      total 77312K, used 15360K [0x00000000f5580000, 0x00000000fb780000, 0x0000000100000000)
  eden space 61952K, 0% used [0x00000000f5580000,0x00000000f5580000,0x00000000f9200000)
  from space 15360K, 100% used [0x00000000fa380000,0x00000000fb280000,0x00000000fb280000)
  to   space 17920K, 0% used [0x00000000f9200000,0x00000000f9200000,0x00000000fa380000)
 ParOldGen       total 87552K, used 18572K [0x00000000e0000000, 0x00000000e5580000, 0x00000000f5580000)
  object space 87552K, 21% used [0x00000000e0000000,0x00000000e1223360,0x00000000e5580000)
 Metaspace       used 15738K, capacity 16104K, committed 16384K, reserved 1062912K
  class space    used 1884K, capacity 1979K, committed 2048K, reserved 1048576K
}
Event: 17.504 GC heap before
{Heap before GC invocations=9 (full 0):
 PSYoungGen      total 77312K, used 77312K [0x00000000f5580000, 0x00000000fb780000, 0x0000000100000000)
  eden space 61952K, 100% used [0x00000000f5580000,0x00000000f9200000,0x00000000f9200000)
  from space 15360K, 100% used [0x00000000fa380000,0x00000000fb280000,0x00000000fb280000)
  to   space 17920K, 0% used [0x00000000f9200000,0x00000000f9200000,0x00000000fa380000)
 ParOldGen       total 87552K, used 18572K [0x00000000e0000000, 0x00000000e5580000, 0x00000000f5580000)
  object space 87552K, 21% used [0x00000000e0000000,0x00000000e1223360,0x00000000e5580000)
 Metaspace       used 20058K, capacity 20526K, committed 20864K, reserved 1067008K
  class space    used 2415K, capacity 2574K, committed 2688K, reserved 1048576K
Event: 17.520 GC heap after
Heap after GC invocations=9 (full 0):
 PSYoungGen      total 79872K, used 17320K [0x00000000f5580000, 0x00000000fdd80000, 0x0000000100000000)
  eden space 61952K, 0% used [0x00000000f5580000,0x00000000f5580000,0x00000000f9200000)
  from space 17920K, 96% used [0x00000000f9200000,0x00000000fa2ea0c0,0x00000000fa380000)
  to   space 19968K, 0% used [0x00000000fca00000,0x00000000fca00000,0x00000000fdd80000)
 ParOldGen       total 87552K, used 24634K [0x00000000e0000000, 0x00000000e5580000, 0x00000000f5580000)
  object space 87552K, 28% used [0x00000000e0000000,0x00000000e180e9e0,0x00000000e5580000)
 Metaspace       used 20058K, capacity 20526K, committed 20864K, reserved 1067008K
  class space    used 2415K, capacity 2574K, committed 2688K, reserved 1048576K
}
Event: 19.586 GC heap before
{Heap before GC invocations=10 (full 0):
 PSYoungGen      total 79872K, used 38404K [0x00000000f5580000, 0x00000000fdd80000, 0x0000000100000000)
  eden space 61952K, 34% used [0x00000000f5580000,0x00000000f6a17168,0x00000000f9200000)
  from space 17920K, 96% used [0x00000000f9200000,0x00000000fa2ea0c0,0x00000000fa380000)
  to   space 19968K, 0% used [0x00000000fca00000,0x00000000fca00000,0x00000000fdd80000)
 ParOldGen       total 87552K, used 24634K [0x00000000e0000000, 0x00000000e5580000, 0x00000000f5580000)
  object space 87552K, 28% used [0x00000000e0000000,0x00000000e180e9e0,0x00000000e5580000)
 Metaspace       used 20710K, capacity 21108K, committed 21296K, reserved 1069056K
  class space    used 2480K, capacity 2639K, committed 2688K, reserved 1048576K
Event: 19.595 GC heap after
Heap after GC invocations=10 (full 0):
 PSYoungGen      total 119296K, used 8439K [0x00000000f5580000, 0x00000000fdd80000, 0x0000000100000000)
  eden space 99328K, 0% used [0x00000000f5580000,0x00000000f5580000,0x00000000fb680000)
  from space 19968K, 42% used [0x00000000fca00000,0x00000000fd23df70,0x00000000fdd80000)
  to   space 19968K, 0% used [0x00000000fb680000,0x00000000fb680000,0x00000000fca00000)
 ParOldGen       total 87552K, used 33989K [0x00000000e0000000, 0x00000000e5580000, 0x00000000f5580000)
  object space 87552K, 38% used [0x00000000e0000000,0x00000000e21314d8,0x00000000e5580000)
 Metaspace       used 20710K, capacity 21108K, committed 21296K, reserved 1069056K
  class space    used 2480K, capacity 2639K, committed 2688K, reserved 1048576K
}
Event: 19.595 GC heap before
{Heap before GC invocations=11 (full 1):
 PSYoungGen      total 119296K, used 8439K [0x00000000f5580000, 0x00000000fdd80000, 0x0000000100000000)
  eden space 99328K, 0% used [0x00000000f5580000,0x00000000f5580000,0x00000000fb680000)
  from space 19968K, 42% used [0x00000000fca00000,0x00000000fd23df70,0x00000000fdd80000)
  to   space 19968K, 0% used [0x00000000fb680000,0x00000000fb680000,0x00000000fca00000)
 ParOldGen       total 87552K, used 33989K [0x00000000e0000000, 0x00000000e5580000, 0x00000000f5580000)
  object space 87552K, 38% used [0x00000000e0000000,0x00000000e21314d8,0x00000000e5580000)
 Metaspace       used 20710K, capacity 21108K, committed 21296K, reserved 1069056K
  class space    used 2480K, capacity 2639K, committed 2688K, reserved 1048576K
Event: 19.711 GC heap after
Heap after GC invocations=11 (full 1):
 PSYoungGen      total 119296K, used 0K [0x00000000f5580000, 0x00000000fdd80000, 0x0000000100000000)
  eden space 99328K, 0% used [0x00000000f5580000,0x00000000f5580000,0x00000000fb680000)
  from space 19968K, 0% used [0x00000000fca00000,0x00000000fca00000,0x00000000fdd80000)
  to   space 19968K, 0% used [0x00000000fb680000,0x00000000fb680000,0x00000000fca00000)
 ParOldGen       total 87552K, used 35179K [0x00000000e0000000, 0x00000000e5580000, 0x00000000f5580000)
  object space 87552K, 40% used [0x00000000e0000000,0x00000000e225aef8,0x00000000e5580000)
 Metaspace       used 20710K, capacity 21108K, committed 21296K, reserved 1069056K
  class space    used 2480K, capacity 2639K, committed 2688K, reserved 1048576K
}

Deoptimization events (10 events):
Event: 18.542 Thread 0x00000000033a3000 Uncommon trap: reason=class_check action=maybe_recompile pc=0x000000000378a968 method=java.util.regex.Pattern$Begin.match(Ljava/util/regex/Matcher;ILjava/lang/CharSequence;)Z @ 30
Event: 18.591 Thread 0x00000000033a3000 Uncommon trap: reason=unstable_if action=reinterpret pc=0x00000000035f7f00 method=org.apache.maven.model.Dependency.clone()Lorg/apache/maven/model/Dependency; @ 76
Event: 18.591 Thread 0x00000000033a3000 Uncommon trap: reason=unstable_if action=reinterpret pc=0x0000000003d1c268 method=org.apache.maven.model.DependencyManagement.clone()Lorg/apache/maven/model/DependencyManagement; @ 76
Event: 18.593 Thread 0x00000000033a3000 Uncommon trap: reason=class_check action=maybe_recompile pc=0x000000000378a968 method=java.util.regex.Pattern$Begin.match(Ljava/util/regex/Matcher;ILjava/lang/CharSequence;)Z @ 30
Event: 18.883 Thread 0x00000000033a3000 Uncommon trap: reason=unstable_if action=reinterpret pc=0x0000000003c3da90 method=org.codehaus.plexus.util.xml.pull.MXParser.nextImpl()I @ 555
Event: 19.112 Thread 0x00000000033a3000 Uncommon trap: reason=unstable_if action=reinterpret pc=0x0000000003d0b198 method=org.apache.maven.model.DependencyManagement.clone()Lorg/apache/maven/model/DependencyManagement; @ 76
Event: 19.116 Thread 0x00000000033a3000 Uncommon trap: reason=null_check action=make_not_entrant pc=0x00000000036d405c method=org.apache.maven.model.io.xpp3.MavenXpp3Reader.checkFieldWithDuplicate(Lorg/codehaus/plexus/util/xml/pull/XmlPullParser;Ljava/lang/String;Ljava/lang/String;Ljava/util/Se
Event: 19.123 Thread 0x00000000033a3000 Uncommon trap: reason=unstable_if action=reinterpret pc=0x0000000003c9ecc0 method=org.apache.maven.model.interpolation.UrlNormalizingPostProcessor.execute(Ljava/lang/String;Ljava/lang/Object;)Ljava/lang/Object; @ 13
Event: 19.221 Thread 0x00000000033a3000 Uncommon trap: reason=unstable_if action=reinterpret pc=0x00000000038934b4 method=java.util.HashMap.hash(Ljava/lang/Object;)I @ 1
Event: 19.221 Thread 0x00000000033a3000 Uncommon trap: reason=unstable_if action=reinterpret pc=0x00000000035b4fa8 method=java.util.HashMap.hash(Ljava/lang/Object;)I @ 1

Classes redefined (0 events):
No events

Internal exceptions (10 events):
Event: 14.087 Thread 0x00000000033a3000 Implicit null exception at 0x0000000003754600 to 0x00000000037575a9
Event: 14.204 Thread 0x00000000033a3000 Implicit null exception at 0x0000000003cb62bd to 0x0000000003cb7899
Event: 14.256 Thread 0x00000000033a3000 Implicit null exception at 0x0000000003cc6fcc to 0x0000000003cca029
Event: 14.542 Thread 0x00000000033a3000 Implicit null exception at 0x0000000003cf9087 to 0x0000000003cfa7b5
Event: 16.806 Thread 0x00000000033a3000 Implicit null exception at 0x0000000003a3e33c to 0x0000000003a407fd
Event: 16.862 Thread 0x00000000033a3000 Exception <a 'java/lang/NoSuchFieldError': method resolution failed> (0x00000000f7ade0e0) thrown at [C:\workspace\8-2-build-windows-amd64-cygwin\jdk8u192\11897\hotspot\src\share\vm\prims\methodHandles.cpp, line 1167]
Event: 16.863 Thread 0x00000000033a3000 Exception <a 'java/lang/NoSuchFieldError': method resolution failed> (0x00000000f7aec7e0) thrown at [C:\workspace\8-2-build-windows-amd64-cygwin\jdk8u192\11897\hotspot\src\share\vm\prims\methodHandles.cpp, line 1167]
Event: 19.116 Thread 0x00000000033a3000 Implicit null exception at 0x00000000036d3df7 to 0x00000000036d4041
Event: 19.221 Thread 0x00000000033a3000 Implicit null exception at 0x00000000038932d5 to 0x00000000038934a5
Event: 19.221 Thread 0x00000000033a3000 Implicit null exception at 0x00000000035b4f2f to 0x00000000035b4f99

Events (10 events):
Event: 19.772 Thread 0x000000001669b000 flushing nmethod 0x0000000003bf6ed0
Event: 19.772 Thread 0x000000001669b000 flushing nmethod 0x0000000003bfe250
Event: 19.772 Thread 0x000000001669b000 flushing nmethod 0x0000000003c06550
Event: 19.772 Thread 0x000000001669b000 flushing nmethod 0x0000000003c0d750
Event: 19.772 Thread 0x000000001669b000 flushing nmethod 0x0000000003c26750
Event: 19.772 Thread 0x000000001669b000 flushing nmethod 0x0000000003c33dd0
Event: 19.777 loading class org/eclipse/aether/internal/impl/collect/DataPool$GraphKey
Event: 19.777 loading class org/eclipse/aether/internal/impl/collect/DataPool$GraphKey done
Event: 19.779 loading class org/eclipse/aether/collection/DependencyManagement
Event: 19.779 loading class org/eclipse/aether/collection/DependencyManagement done


Dynamic libraries:
0x00007ff6cc8b0000 - 0x00007ff6cc8e7000 	C:\Program Files\Java\jdk1.8.0_192\bin\java.exe
0x00007ff802700000 - 0x00007ff8028ed000 	C:\WINDOWS\SYSTEM32\ntdll.dll
0x00007ff802510000 - 0x00007ff8025c3000 	C:\WINDOWS\System32\KERNEL32.DLL
0x00007fffff650000 - 0x00007fffff8e5000 	C:\WINDOWS\System32\KERNELBASE.dll
0x00007ff800160000 - 0x00007ff800203000 	C:\WINDOWS\System32\ADVAPI32.dll
0x00007ff800290000 - 0x00007ff80032e000 	C:\WINDOWS\System32\msvcrt.dll
0x00007ff8025d0000 - 0x00007ff80266e000 	C:\WINDOWS\System32\sechost.dll
0x00007fffffa20000 - 0x00007fffffb42000 	C:\WINDOWS\System32\RPCRT4.dll
0x00007ff801e00000 - 0x00007ff801f97000 	C:\WINDOWS\System32\USER32.dll
0x00007ffffea50000 - 0x00007ffffea70000 	C:\WINDOWS\System32\win32u.dll
0x00007ff8020d0000 - 0x00007ff8020f9000 	C:\WINDOWS\System32\GDI32.dll
0x00007ffffea70000 - 0x00007ffffec0b000 	C:\WINDOWS\System32\gdi32full.dll
0x00007ffffe8a0000 - 0x00007ffffe940000 	C:\WINDOWS\System32\msvcp_win.dll
0x00007ffffe7a0000 - 0x00007ffffe89a000 	C:\WINDOWS\System32\ucrtbase.dll
0x00007fffe6860000 - 0x00007fffe6ad9000 	C:\WINDOWS\WinSxS\amd64_microsoft.windows.common-controls_6595b64144ccf1df_6.0.17763.1339_none_de7015e4534c7114\COMCTL32.dll
0x00007fffffcc0000 - 0x00007ffffffec000 	C:\WINDOWS\System32\combase.dll
0x00007ffffe9a0000 - 0x00007ffffea1e000 	C:\WINDOWS\System32\bcryptPrimitives.dll
0x00007ff801cb0000 - 0x00007ff801cde000 	C:\WINDOWS\System32\IMM32.DLL
0x0000000054980000 - 0x0000000054a51000 	C:\Program Files\Java\jdk1.8.0_192\jre\bin\msvcr100.dll
0x0000000053e30000 - 0x00000000546d3000 	C:\Program Files\Java\jdk1.8.0_192\jre\bin\server\jvm.dll
0x00007ff800030000 - 0x00007ff800038000 	C:\WINDOWS\System32\PSAPI.DLL
0x00007ffffe2b0000 - 0x00007ffffe2ba000 	C:\WINDOWS\SYSTEM32\VERSION.dll
0x00007ffffc560000 - 0x00007ffffc584000 	C:\WINDOWS\SYSTEM32\WINMM.dll
0x00007fffe6fc0000 - 0x00007fffe6fc9000 	C:\WINDOWS\SYSTEM32\WSOCK32.dll
0x00007ff801ce0000 - 0x00007ff801d4d000 	C:\WINDOWS\System32\WS2_32.dll
0x00007ffffc440000 - 0x00007ffffc46d000 	C:\WINDOWS\SYSTEM32\winmmbase.dll
0x00007fffff600000 - 0x00007fffff64a000 	C:\WINDOWS\System32\cfgmgr32.dll
0x00007ffff33b0000 - 0x00007ffff33bf000 	C:\Program Files\Java\jdk1.8.0_192\jre\bin\verify.dll
0x00007fffc7730000 - 0x00007fffc7759000 	C:\Program Files\Java\jdk1.8.0_192\jre\bin\java.dll
0x00007fffb91a0000 - 0x00007fffb91c3000 	C:\Program Files\Java\jdk1.8.0_192\jre\bin\instrument.dll
0x00007fffccf80000 - 0x00007fffccf96000 	C:\Program Files\Java\jdk1.8.0_192\jre\bin\zip.dll
0x00007ff800330000 - 0x00007ff801828000 	C:\WINDOWS\System32\SHELL32.dll
0x00007ff801d50000 - 0x00007ff801df9000 	C:\WINDOWS\System32\shcore.dll
0x00007ffffeea0000 - 0x00007fffff5f4000 	C:\WINDOWS\System32\windows.storage.dll
0x00007ffffe710000 - 0x00007ffffe734000 	C:\WINDOWS\System32\profapi.dll
0x00007ffffe740000 - 0x00007ffffe79d000 	C:\WINDOWS\System32\powrprof.dll
0x00007ff802670000 - 0x00007ff8026c2000 	C:\WINDOWS\System32\shlwapi.dll
0x00007ffffe6f0000 - 0x00007ffffe701000 	C:\WINDOWS\System32\kernel.appcore.dll
0x00007ff800000000 - 0x00007ff800017000 	C:\WINDOWS\System32\cryptsp.dll
0x00007fffc04d0000 - 0x00007fffc04ea000 	D:\Idea\IntelliJ IDEA 2019.2.2\bin\breakgen64.dll
0x00007fffc4ac0000 - 0x00007fffc4ada000 	C:\Program Files\Java\jdk1.8.0_192\jre\bin\net.dll
0x00007ffffdeb0000 - 0x00007ffffdf17000 	C:\WINDOWS\system32\mswsock.dll
0x00007ffffda30000 - 0x00007ffffda63000 	C:\WINDOWS\system32\rsaenh.dll
0x00007ffffea20000 - 0x00007ffffea46000 	C:\WINDOWS\System32\bcrypt.dll
0x00007ffffe600000 - 0x00007ffffe628000 	C:\WINDOWS\SYSTEM32\USERENV.dll
0x00007ffffe080000 - 0x00007ffffe08c000 	C:\WINDOWS\SYSTEM32\CRYPTBASE.dll
0x00007ffffdbd0000 - 0x00007ffffdc0d000 	C:\WINDOWS\SYSTEM32\IPHLPAPI.DLL
0x00007ff800150000 - 0x00007ff800158000 	C:\WINDOWS\System32\NSI.dll
0x00007ffff3d20000 - 0x00007ffff3d36000 	C:\WINDOWS\SYSTEM32\dhcpcsvc6.DLL
0x00007ffff3d00000 - 0x00007ffff3d1c000 	C:\WINDOWS\SYSTEM32\dhcpcsvc.DLL
0x00007ffffdc10000 - 0x00007ffffdcd7000 	C:\WINDOWS\SYSTEM32\DNSAPI.dll
0x00007fffc4620000 - 0x00007fffc4631000 	C:\Program Files\Java\jdk1.8.0_192\jre\bin\nio.dll
0x00007fffedd90000 - 0x00007fffedd9a000 	C:\Users\hyp\AppData\Local\Temp\jansi-1.17.1-8667934324962456929.dll
0x00007fffe98d0000 - 0x00007fffe98da000 	C:\Users\hyp\AppData\Local\Temp\jansi-1.17.1-1723532720214393206.dll
0x00007fffbe080000 - 0x00007fffbe0a4000 	C:\Program Files\Java\jdk1.8.0_192\jre\bin\sunec.dll

VM Arguments:
jvm_args: -Dmaven.multiModuleProjectDirectory=E:\MXCX\HeBei\SafetyStandards -Xms128m -Xmx512m -Dmaven.home=D:\Maven\apache-maven-3.6.1 -Dclassworlds.conf=D:\Maven\apache-maven-3.6.1\bin\m2.conf -Dmaven.ext.class.path=D:\Idea\IntelliJ IDEA 2019.2.2\plugins\maven\lib\maven-event-listener.jar -javaagent:D:\Idea\IntelliJ IDEA 2019.2.2\lib\idea_rt.jar=59881:D:\Idea\IntelliJ IDEA 2019.2.2\bin -Dfile.encoding=UTF-8 
java_command: org.codehaus.classworlds.Launcher -Didea.version2019.2.2 -s D:\Maven\apache-maven-3.6.1\conf\settings_3.0.xml install -P nexus
java_class_path (initial): D:\Maven\apache-maven-3.6.1\boot\plexus-classworlds-2.6.0.jar;D:\Idea\IntelliJ IDEA 2019.2.2\lib\idea_rt.jar
Launcher Type: SUN_STANDARD

Environment Variables:
JAVA_HOME=C:\Program Files\Java\jdk1.8.0_192
PATH="C:\Program Files\Java\jdk1.8.0_192\bin;C:\Program Files\Java\jdk1.8.0_192\jre\bin";C:\Program Files (x86)\Common Files\Oracle\Java\javapath;C:\WINDOWS\system32;C:\WINDOWS;C:\WINDOWS\System32\Wbem;C:\WINDOWS\System32\WindowsPowerShell\v1.0\;C:\WINDOWS\System32\OpenSSH\;C:\Program Files (x86)\NVIDIA Corporation\PhysX\Common;C:\Program Files\Intel\WiFi\bin\;C:\Program Files\Common Files\Intel\WirelessCommon\;D:\Maven\apache-maven-3.6.1\bin;%CATALINA_HOME%\bin;D:\Redis\;D:\MySql\MySql;D:\Program Files\Microsoft SQL Server\Client SDK\ODBC\110\Tools\Binn\;D:\Program Files (x86)\Microsoft SQL Server\120\Tools\Binn\;D:\Program Files\Microsoft SQL Server\120\Tools\Binn\;D:\Program Files\Microsoft SQL Server\120\DTS\Binn\;C:\Program Files\dotnet\;D:\Program Files\Microsoft SQL Server\Client SDK\ODBC\170\Tools\Binn\;D:\Program Files (x86)\Microsoft SQL Server\140\Tools\Binn\;D:\Program Files\Microsoft SQL Server\140\Tools\Binn\;D:\Program Files (x86)\Microsoft SQL Server\140\DTS\Binn\;D:\Program Files\Microsoft SQL Server\140\DTS\Binn\;D:\Program Files\Microsoft SQL Server\Client SDK\ODBC\130\Tools\Binn\;D:\Program Files (x86)\Microsoft SQL Server\130\Tools\Binn\;D:\Program Files\Microsoft SQL Server\130\Tools\Binn\;D:\Program Files\Microsoft SQL Server\130\DTS\Binn\;D:\Program Files (x86)\Microsoft SQL Server\150\DTS\Binn\;D:\Program Files\TortoiseSVN\bin;D:\Program Files\PuTTY\;C:\Program Files (x86)\MySQL\MySQL Utilities 1.6\;D:\Git\cmd;D:\Maven\apache-maven-3.6.1\bin;%CXF_HOME%\bin;E:\nodejs;C:\Program Files\MySQL\MySQL Shell 8.0\bin\;D:\Microsoft VS Code\bin;C:\Users\hyp\AppData\Roaming\npm
USERNAME=呵呵哒
OS=Windows_NT
PROCESSOR_IDENTIFIER=Intel64 Family 6 Model 158 Stepping 10, GenuineIntel



---------------  S Y S T E M  ---------------

OS: Windows 10.0 , 64 bit Build 17763 (10.0.17763.1339)

CPU:total 12 (initial active 12) (6 cores per cpu, 2 threads per core) family 6 model 158 stepping 10, cmov, cx8, fxsr, mmx, sse, sse2, sse3, ssse3, sse4.1, sse4.2, popcnt, avx, avx2, aes, clmul, erms, 3dnowpref, lzcnt, ht, tsc, tscinvbit, bmi1, bmi2, adx

Memory: 4k page, physical 16631656k(702820k free), swap 47758820k(65436k free)

vm_info: Java HotSpot(TM) 64-Bit Server VM (25.192-b12) for windows-amd64 JRE (1.8.0_192-b12), built on Oct  6 2018 17:12:23 by "java_re" with MS VC++ 10.0 (VS2010)

time: Thu Nov 05 16:57:22 2020
timezone: 中国标准时间
elapsed time: 20 seconds (0d 0h 0m 20s)

